\BOOKMARK [1][-]{section.1}{\376\377\000V\000e\000c\000t\000o\000r\000\040\000S\000p\000a\000c\000e\000s}{}% 1
\BOOKMARK [2][-]{subsection.1.1}{\376\377\000F\000i\000e\000l\000d\000s\000\040\000a\000n\000d\000\040\000V\000e\000c\000t\000o\000r\000\040\000S\000p\000a\000c\000e\000s}{section.1}% 2
\BOOKMARK [3][-]{subsubsection.1.1.3}{\376\377\000V\000e\000c\000t\000o\000r\000\040\000S\000p\000a\000c\000e\000\040\000T\000e\000r\000m\000i\000n\000o\000l\000o\000g\000y}{subsection.1.1}% 3
\BOOKMARK [3][-]{subsubsection.1.1.5}{\376\377\000V\000e\000c\000t\000o\000r\000\040\000S\000p\000a\000c\000e\000\040\000L\000e\000m\000m\000a\000s}{subsection.1.1}% 4
\BOOKMARK [2][-]{subsection.1.2}{\376\377\000P\000r\000o\000d\000u\000c\000t\000\040\000o\000f\000\040\000S\000e\000t\000s\000\040\000a\000n\000d\000\040\000o\000f\000\040\000V\000e\000c\000t\000o\000r\000\040\000S\000p\000a\000c\000e\000s}{section.1}% 5
\BOOKMARK [2][-]{subsection.1.3}{\376\377\000V\000e\000c\000t\000o\000r\000\040\000S\000u\000b\000s\000p\000a\000c\000e\000s}{section.1}% 6
\BOOKMARK [3][-]{subsubsection.1.3.3}{\376\377\000S\000u\000b\000s\000p\000a\000c\000e\000\040\000t\000e\000r\000m\000i\000n\000o\000l\000o\000g\000y}{subsection.1.3}% 7
\BOOKMARK [2][-]{subsection.1.4}{\376\377\000L\000i\000n\000e\000a\000r\000\040\000I\000n\000d\000e\000p\000e\000n\000d\000e\000n\000c\000e\000\040\000a\000n\000d\000\040\000B\000a\000s\000e\000s}{section.1}% 8
\BOOKMARK [3][-]{subsubsection.1.4.4}{\376\377\000F\000a\000m\000i\000l\000y\000\040\000n\000o\000t\000a\000t\000i\000o\000n}{subsection.1.4}% 9
\BOOKMARK [1][-]{section.2}{\376\377\000R\000i\000n\000g\000s}{}% 10
\BOOKMARK [2][-]{subsection.2.1}{\376\377\000R\000i\000n\000g\000\040\000b\000a\000s\000i\000c\000s}{section.2}% 11
\BOOKMARK [2][-]{subsection.2.2}{\376\377\000L\000i\000n\000k\000i\000n\000g\000\040\000R\000i\000n\000g\000s\000\040\000t\000o\000\040\000F\000i\000e\000l\000d\000s\000\040\000a\000n\000d\000\040\000F\000u\000r\000t\000h\000e\000r\000\040\000P\000r\000o\000p\000e\000r\000t\000i\000e\000s}{section.2}% 12
\BOOKMARK [2][-]{subsection.2.3}{\376\377\000P\000o\000l\000y\000n\000o\000m\000i\000a\000l\000s}{section.2}% 13
\BOOKMARK [1][-]{section.3}{\376\377\000D\000e\000t\000e\000r\000m\000i\000n\000a\000n\000t\000s\000\040\000a\000n\000d\000\040\000E\000i\000g\000e\000n\000v\000a\000l\000u\000e\000s\000\040\000R\000e\000d\000u\000x}{}% 14
\BOOKMARK [2][-]{subsection.3.1}{\376\377\000S\000y\000m\000m\000e\000t\000r\000i\000c\000\040\000G\000r\000o\000u\000p\000s}{section.3}% 15
\BOOKMARK [2][-]{subsection.3.2}{\376\377\000D\000e\000t\000e\000r\000m\000i\000n\000a\000n\000t\000s}{section.3}% 16
\BOOKMARK [3][-]{subsubsection.3.2.2}{\376\377\000T\000h\000e\000\040\000c\000o\000n\000n\000e\000c\000t\000i\000o\000n\000\040\000b\000e\000t\000w\000e\000e\000n\000\040\000d\000e\000t\000e\000r\000m\000i\000n\000a\000n\000t\000s\000\040\000a\000n\000d\000\040\000v\000o\000l\000u\000m\000e\000s}{subsection.3.2}% 17
\BOOKMARK [3][-]{subsubsection.3.2.3}{\376\377\000T\000h\000e\000\040\000c\000o\000n\000n\000e\000c\000t\000i\000o\000n\000\040\000b\000e\000t\000w\000e\000e\000n\000\040\000d\000e\000t\000e\000r\000m\000i\000n\000a\000n\000t\000s\000\040\000a\000n\000d\000\040\000o\000r\000i\000e\000n\000t\000a\000t\000i\000o\000n}{subsection.3.2}% 18
\BOOKMARK [2][-]{subsection.3.3}{\376\377\000C\000h\000a\000r\000a\000c\000t\000e\000r\000i\000s\000i\000n\000g\000\040\000t\000h\000e\000\040\000D\000e\000t\000e\000r\000m\000i\000n\000a\000n\000t}{section.3}% 19
\BOOKMARK [2][-]{subsection.3.4}{\376\377\000R\000u\000l\000e\000s\000\040\000f\000o\000r\000\040\000C\000a\000l\000c\000u\000l\000a\000t\000i\000n\000g\000\040\000w\000i\000t\000h\000\040\000D\000e\000t\000e\000r\000m\000i\000n\000a\000n\000t\000s}{section.3}% 20
\BOOKMARK [3][-]{subsubsection.3.4.3}{\376\377\000C\000o\000n\000s\000e\000q\000u\000e\000n\000c\000e\000s\000\040\000o\000f\000\040\000d\000e\000t\000e\000r\000m\000i\000n\000a\000n\000t\000\040\000r\000u\000l\000e\000s}{subsection.3.4}% 21
\BOOKMARK [3][-]{subsubsection.3.4.5}{\376\377\000S\000i\000m\000p\000l\000i\000f\000y\000i\000n\000g\000\040\000D\000e\000t\000e\000r\000m\000i\000n\000a\000n\000t\000\040\000C\000a\000l\000c\000u\000l\000a\000t\000i\000o\000n\000s}{subsection.3.4}% 22
\BOOKMARK [3][-]{subsubsection.3.4.10}{\376\377\000A\000l\000t\000e\000r\000n\000a\000t\000i\000v\000e\000\040\000D\000e\000f\000i\000n\000i\000t\000i\000o\000n\000\040\000o\000f\000\040\000C\000r\000a\000m\000e\000r\000'\000s}{subsection.3.4}% 23
\BOOKMARK [2][-]{subsection.3.5}{\376\377\000E\000i\000g\000e\000n\000v\000a\000l\000u\000e\000s\000\040\000a\000n\000d\000\040\000E\000i\000g\000e\000n\000v\000e\000c\000t\000o\000r\000s}{section.3}% 24
\BOOKMARK [3][-]{subsubsection.3.5.5}{\376\377\000E\000i\000g\000e\000n\000v\000a\000l\000u\000e\000\040\000r\000e\000m\000a\000r\000k\000s}{subsection.3.5}% 25
\BOOKMARK [2][-]{subsection.3.6}{\376\377\000T\000r\000i\000a\000n\000g\000u\000l\000a\000r\000i\000s\000a\000b\000l\000e\000,\000\040\000D\000i\000a\000g\000o\000n\000a\000l\000i\000s\000a\000b\000l\000e\000,\000\040\000a\000n\000d\000\040\000C\000a\000y\000l\000e\000y\000-\000H\000a\000m\000i\000l\000t\000o\000n}{section.3}% 26
