\BOOKMARK [1][-]{section.1}{\376\377\000s\000m\000o\000o\000t\000h\000\040\000a\000n\000d\000\040\000s\000t\000u\000f\000f}{}% 1
\BOOKMARK [1][-]{section.2}{\376\377\000T\000e\000x\000t\000\040\000C\000l\000a\000s\000s\000i\000f\000i\000c\000a\000t\000i\000o\000n}{}% 2
\BOOKMARK [2][-]{subsection.2.1}{\376\377\000N\000a\000i\000v\000e\000\040\000B\000a\000y\000e\000s}{section.2}% 3
\BOOKMARK [3][-]{subsubsection.2.1.2}{\376\377\000N\000e\000g\000a\000t\000i\000v\000e\000\040\000L\000o\000g\000\040\000P\000r\000o\000b\000a\000b\000i\000l\000i\000t\000i\000e\000s}{subsection.2.1}% 4
\BOOKMARK [3][-]{subsubsection.2.1.3}{\376\377\000I\000s\000s\000u\000e\000s\000\040\000w\000i\000t\000h\000\040\000c\000h\000o\000o\000s\000i\000n\000g\000\040\000f\000e\000a\000t\000u\000r\000e\000s}{subsection.2.1}% 5
\BOOKMARK [3][-]{subsubsection.2.1.4}{\376\377\000P\000r\000o\000b\000l\000e\000m\000s\000\040\000w\000i\000t\000h\000\040\000a\000n\000n\000o\000t\000a\000t\000i\000o\000n}{subsection.2.1}% 6
\BOOKMARK [3][-]{subsubsection.2.1.5}{\376\377\000S\000e\000l\000f\000\040\000T\000r\000a\000i\000n\000i\000n\000g}{subsection.2.1}% 7
\BOOKMARK [3][-]{subsubsection.2.1.6}{\376\377\000E\000x\000p\000e\000c\000t\000a\000t\000i\000o\000n\000\040\000M\000a\000x\000i\000m\000i\000s\000a\000t\000i\000o\000n\000\040\000f\000o\000r\000\040\000S\000e\000m\000i\000-\000s\000u\000p\000e\000r\000v\000i\000s\000e\000d\000\040\000L\000e\000a\000r\000n\000i\000n\000g}{subsection.2.1}% 8
\BOOKMARK [3][-]{subsubsection.2.1.7}{\376\377\000A\000d\000v\000a\000n\000t\000a\000g\000e\000s\000\040\000o\000f\000\040\000N\000a\000i\000v\000e\000\040\000B\000a\000y\000e\000s}{subsection.2.1}% 9
\BOOKMARK [3][-]{subsubsection.2.1.8}{\376\377\000E\000v\000o\000l\000v\000i\000n\000g\000\040\000p\000a\000s\000t\000\040\000n\000a\000i\000v\000e\000\040\000B\000a\000y\000e\000s}{subsection.2.1}% 10
\BOOKMARK [3][-]{subsubsection.2.1.10}{\376\377\000R\000e\000l\000a\000t\000i\000o\000n\000\040\000t\000o\000\040\000N\000a\000i\000v\000e\000\040\000B\000a\000y\000e\000s}{subsection.2.1}% 11
\BOOKMARK [3][-]{subsubsection.2.1.11}{\376\377\000D\000o\000w\000n\000s\000i\000d\000e\000\040\000t\000o\000\040\000M\000a\000x\000E\000n\000t\000\040\000m\000o\000d\000e\000l\000s}{subsection.2.1}% 12
\BOOKMARK [3][-]{subsubsection.2.1.12}{\376\377\000R\000o\000b\000u\000s\000t\000n\000e\000s\000s\000:\000\040\000M\000a\000x\000E\000n\000t\000\040\000a\000n\000d\000\040\000N\000a\000i\000v\000e\000\040\000B\000a\000y\000e\000s}{subsection.2.1}% 13
\BOOKMARK [1][-]{section.3}{\376\377\000P\000O\000S\000\040\000T\000a\000g\000g\000i\000n\000g\000\040\000a\000n\000d\000\040\000H\000M\000M\000s}{}% 14
\BOOKMARK [2][-]{subsection.3.1}{\376\377\000I\000n\000t\000r\000o}{section.3}% 15
\BOOKMARK [3][-]{subsubsection.3.1.1}{\376\377\000W\000h\000y\000\040\000d\000o\000\040\000w\000e\000\040\000c\000a\000r\000e\000\040\000a\000b\000o\000u\000t\000\040\000P\000O\000S\000\040\000t\000a\000g\000g\000i\000n\000g}{subsection.3.1}% 16
\BOOKMARK [3][-]{subsubsection.3.1.2}{\376\377\000W\000o\000r\000d\000\040\000t\000y\000p\000e\000s}{subsection.3.1}% 17
\BOOKMARK [3][-]{subsubsection.3.1.3}{\376\377\000W\000h\000y\000\040\000i\000s\000\040\000P\000O\000S\000\040\000t\000a\000g\000g\000i\000n\000g\000\040\000h\000a\000r\000d\000?}{subsection.3.1}% 18
\BOOKMARK [2][-]{subsection.3.2}{\376\377\000H\000i\000d\000d\000e\000n\000\040\000M\000a\000r\000k\000o\000v\000\040\000M\000o\000d\000e\000l\000s}{section.3}% 19
\BOOKMARK [3][-]{subsubsection.3.2.1}{\376\377\000H\000M\000M\000\040\000a\000d\000j\000a\000c\000e\000n\000t}{subsection.3.2}% 20
\BOOKMARK [1][-]{section.4}{\376\377\000S\000y\000n\000t\000a\000x\000\040\000a\000n\000d\000\040\000P\000a\000r\000s\000i\000n\000g}{}% 21
\BOOKMARK [2][-]{subsection.4.1}{\376\377\000I\000n\000t\000r\000o}{section.4}% 22
\BOOKMARK [3][-]{subsubsection.4.1.1}{\376\377\000I\000n\000t\000r\000o\000\040\000i\000n\000t\000r\000o}{subsection.4.1}% 23
\BOOKMARK [3][-]{subsubsection.4.1.2}{\376\377\000C\000o\000n\000s\000t\000i\000t\000u\000e\000n\000t\000s}{subsection.4.1}% 24
\BOOKMARK [2][-]{subsection.4.2}{\376\377\000T\000h\000e\000o\000r\000i\000e\000s\000\040\000o\000f\000\040\000S\000y\000n\000t\000a\000x}{section.4}% 25
\BOOKMARK [3][-]{subsubsection.4.2.2}{\376\377\000A\000m\000b\000i\000g\000u\000i\000t\000y}{subsection.4.2}% 26
\BOOKMARK [3][-]{subsubsection.4.2.3}{\376\377\000C\000h\000o\000m\000s\000k\000y\000\040\000N\000o\000r\000m\000a\000l\000\040\000f\000o\000r\000m\000\040\000\050\000c\000h\000o\000m\000p\000\040\000c\000h\000o\000m\000p\000\051}{subsection.4.2}% 27
\BOOKMARK [2][-]{subsection.4.3}{\376\377\000P\000a\000r\000s\000i\000n\000g}{section.4}% 28
\BOOKMARK [3][-]{subsubsection.4.3.1}{\376\377\000S\000p\000e\000e\000d\000i\000n\000g\000\040\000u\000p\000\040\000a\000l\000g\000o\000r\000i\000t\000h\000m\000\040\000\050\000a\000p\000p\000r\000o\000x\000i\000m\000a\000t\000e\000\040\000s\000e\000a\000r\000c\000h\000\051}{subsection.4.3}% 29
\BOOKMARK [3][-]{subsubsection.4.3.2}{\376\377\000P\000a\000r\000s\000e\000r\000\040\000E\000v\000a\000l\000u\000a\000t\000i\000o\000n}{subsection.4.3}% 30
\BOOKMARK [3][-]{subsubsection.4.3.3}{\376\377\000A\000u\000t\000o\000m\000a\000t\000i\000c\000\040\000I\000n\000t\000r\000i\000n\000s\000i\000c\000\040\000E\000v\000a\000l\000u\000a\000t\000i\000o\000n}{subsection.4.3}% 31
\BOOKMARK [3][-]{subsubsection.4.3.5}{\376\377\000T\000r\000e\000e\000b\000a\000n\000k\000\040\000P\000C\000F\000G}{subsection.4.3}% 32
\BOOKMARK [2][-]{subsection.4.4}{\376\377\000L\000e\000x\000i\000c\000a\000l\000i\000s\000a\000t\000i\000o\000n}{section.4}% 33
\BOOKMARK [3][-]{subsubsection.4.4.1}{\376\377\000r\000a\000n\000d\000o\000m\000\040\000l\000e\000x\000i\000c\000a\000l\000\040\000t\000h\000i\000n\000g\000s}{subsection.4.4}% 34
\BOOKMARK [3][-]{subsubsection.4.4.2}{\376\377\000P\000r\000o\000s\000\040\000a\000n\000d\000\040\000C\000o\000n\000s}{subsection.4.4}% 35
\BOOKMARK [3][-]{subsubsection.4.4.3}{\376\377\000H\000e\000a\000d\000\040\000r\000u\000l\000e\000s}{subsection.4.4}% 36
\BOOKMARK [3][-]{subsubsection.4.4.4}{\376\377\000S\000h\000i\000f\000t\000\040\000r\000e\000d\000u\000c\000e}{subsection.4.4}% 37
\BOOKMARK [3][-]{subsubsection.4.4.5}{\376\377\000C\000r\000i\000t\000e\000r\000a\000\040\000f\000o\000r\000\040\000p\000a\000r\000s\000e\000r}{subsection.4.4}% 38
\BOOKMARK [3][-]{subsubsection.4.4.6}{\376\377\000G\000r\000a\000p\000h\000-\000b\000a\000s\000e\000d\000\040\000v\000s\000\040\000T\000r\000a\000n\000s\000i\000t\000i\000o\000n\000-\000b\000a\000s\000e\000d\000\040\000v\000s\000\040\000C\000o\000n\000v\000e\000r\000s\000i\000o\000n\000-\000b\000a\000s\000e\000d}{subsection.4.4}% 39
\BOOKMARK [3][-]{subsubsection.4.4.7}{\376\377\000s\000u\000m\000m\000a\000r\000y}{subsection.4.4}% 40
\BOOKMARK [1][-]{section.5}{\376\377\000F\000i\000r\000s\000t\000\040\000o\000r\000d\000e\000r\000\040\000l\000o\000g\000i\000c\000\040\000a\000n\000d\000\040\000s\000e\000m\000a\000n\000t\000i\000c\000\040\000s\000t\000u\000f\000f}{}% 41
\BOOKMARK [2][-]{subsection.5.1}{\376\377\000F\000i\000r\000s\000t\000\040\000o\000r\000d\000e\000r\000\040\000L\000o\000g\000i\000c}{section.5}% 42
\BOOKMARK [3][-]{subsubsection.5.1.2}{\376\377\000S\000c\000o\000p\000e}{subsection.5.1}% 43
