\BOOKMARK [1][-]{section.0}{\376\377\000I\000n\000t\000r\000o\000d\000u\000c\000t\000i\000o\000n}{}% 1
\BOOKMARK [1][-]{section.1}{\376\377\000F\000i\000n\000i\000t\000e\000\040\000A\000u\000t\000o\000m\000a\000t\000a}{}% 2
\BOOKMARK [2][-]{section*.2}{\376\377\000D\000e\000t\000e\000r\000m\000i\000n\000i\000s\000t\000i\000c\000\040\000F\000i\000n\000i\000t\000e\000\040\000A\000u\000t\000o\000m\000a\000t\000a}{section.1}% 3
\BOOKMARK [2][-]{section*.3}{\376\377\000N\000o\000n\000-\000D\000e\000t\000e\000r\000m\000i\000n\000i\000s\000t\000i\000c\000\040\000F\000i\000n\000i\000t\000e\000\040\000A\000u\000t\000o\000m\000a\000t\000a}{section.1}% 4
\BOOKMARK [3][-]{section*.4}{\376\377\000S\000u\000b\000s\000e\000t\000\040\000C\000o\000n\000s\000t\000r\000u\000c\000t\000i\000o\000n}{section*.3}% 5
\BOOKMARK [3][-]{section*.5}{\376\377\000-\000N\000F\000A}{section*.3}% 6
\BOOKMARK [1][-]{section.2}{\376\377\000R\000e\000g\000u\000l\000a\000r\000\040\000L\000a\000n\000g\000u\000a\000g\000e\000s}{}% 7
\BOOKMARK [2][-]{section*.6}{\376\377\000R\000e\000g\000u\000l\000a\000r\000\040\000E\000x\000p\000r\000e\000s\000s\000i\000o\000n\000s}{section.2}% 8
\BOOKMARK [2][-]{section*.7}{\376\377\000G\000e\000n\000e\000r\000a\000l\000i\000s\000e\000d\000\040\000N\000F\000A}{section.2}% 9
\BOOKMARK [1][-]{section.3}{\376\377\000B\000e\000y\000o\000n\000d\000\040\000R\000e\000g\000u\000l\000a\000r\000\040\000L\000a\000n\000g\000u\000a\000g\000e\000s}{}% 10
\BOOKMARK [2][-]{section*.8}{\376\377\000T\000h\000e\000\040\000P\000u\000m\000p\000i\000n\000g\000\040\000L\000e\000m\000m\000a}{section.3}% 11
\BOOKMARK [2][-]{section*.9}{\376\377\000T\000h\000e\000\040\000M\000y\000h\000i\000l\000l\000-\000N\000e\000r\000o\000d\000e\000\040\000T\000h\000e\000o\000r\000e\000m}{section.3}% 12
\BOOKMARK [1][-]{section.4}{\376\377\000C\000o\000n\000t\000e\000x\000t\000-\000f\000r\000e\000e\000\040\000L\000a\000n\000g\000u\000a\000g\000e\000s}{}% 13
\BOOKMARK [2][-]{section*.10}{\376\377\000C\000o\000n\000t\000e\000x\000t\000-\000f\000r\000e\000e\000\040\000G\000r\000a\000m\000m\000a\000r\000s}{section.4}% 14
\BOOKMARK [2][-]{section*.11}{\376\377\000E\000l\000i\000m\000i\000n\000a\000t\000i\000n\000g\000\040\000A\000m\000b\000i\000g\000u\000i\000t\000y}{section.4}% 15
\BOOKMARK [2][-]{section*.12}{\376\377\000P\000u\000s\000h\000-\000d\000o\000w\000n\000\040\000A\000u\000t\000o\000m\000a\000t\000a}{section.4}% 16
\BOOKMARK [3][-]{section*.13}{\376\377\000C\000F\000G\000\040\000t\000o\000\040\000P\000D\000A}{section*.12}% 17
\BOOKMARK [3][-]{section*.14}{\376\377\000P\000D\000A\000\040\000t\000o\000\040\000C\000F\000G}{section*.12}% 18
\BOOKMARK [2][-]{section*.15}{\376\377\000P\000u\000m\000p\000i\000n\000g\000\040\000f\000o\000r\000\040\000C\000F\000L\000s}{section.4}% 19
\BOOKMARK [2][-]{section*.16}{\376\377\000C\000h\000o\000m\000s\000k\000y\000\040\000G\000r\000a\000m\000m\000a\000r\000s}{section.4}% 20
\BOOKMARK [2][-]{section*.17}{\376\377\000T\000h\000e\000\040\000C\000h\000o\000m\000s\000k\000y\000\040\000H\000i\000e\000r\000a\000r\000c\000h\000y}{section.4}% 21
\BOOKMARK [1][-]{section.5}{\376\377\000A\000l\000g\000o\000r\000i\000t\000h\000m\000s\000\040\000f\000o\000r\000\040\000L\000a\000n\000g\000u\000a\000g\000e\000s}{}% 22
\BOOKMARK [2][-]{section*.18}{\376\377\000E\000m\000p\000t\000i\000n\000e\000s\000s\000\040\000f\000o\000r\000\040\000R\000e\000g\000u\000l\000a\000r\000\040\000L\000a\000n\000g\000u\000a\000g\000e\000s}{section.5}% 23
\BOOKMARK [3][-]{section*.19}{\376\377\000E\000m\000p\000t\000i\000n\000e\000s\000s\000\040\000f\000o\000r\000\040\000C\000o\000n\000t\000e\000x\000t\000-\000f\000r\000e\000e\000\040\000L\000a\000n\000g\000u\000a\000g\000e\000s}{section*.18}% 24
\BOOKMARK [3][-]{section*.20}{\376\377\000E\000q\000u\000i\000v\000a\000l\000e\000n\000c\000e\000\040\000o\000f\000\040\000D\000F\000A}{section*.18}% 25
\BOOKMARK [1][-]{section.6}{\376\377\000R\000e\000g\000i\000s\000t\000e\000r\000\040\000M\000a\000c\000h\000i\000n\000e\000s}{}% 26
\BOOKMARK [2][-]{section*.21}{\376\377\000E\000x\000a\000m\000p\000l\000e\000\040\000M\000a\000c\000r\000o\000s\000\040\000f\000o\000r\000\040\000R\000M\000s}{section.6}% 27
\BOOKMARK [3][-]{section*.22}{\376\377\000H\000o\000w\000\040\000m\000a\000n\000y\000\040\000r\000e\000g\000i\000s\000t\000e\000r\000s\000?}{section*.21}% 28
\BOOKMARK [2][-]{section*.23}{\376\377\000U\000n\000i\000v\000e\000r\000s\000a\000l\000i\000t\000y}{section.6}% 29
\BOOKMARK [3][-]{section*.24}{\376\377\000T\000h\000e\000\040\000C\000h\000u\000r\000c\000h\000-\000T\000u\000r\000i\000n\000g\000\040\000T\000h\000e\000s\000i\000s}{section*.23}% 30
\BOOKMARK [1][-]{section.7}{\376\377\000D\000e\000c\000i\000d\000a\000b\000i\000l\000i\000t\000y}{}% 31
\BOOKMARK [2][-]{section*.25}{\376\377\000P\000r\000o\000b\000l\000e\000m\000s\000\040\000w\000i\000t\000h\000\040\000n\000o\000\040\000A\000l\000g\000o\000r\000i\000t\000h\000m}{section.7}% 32
\BOOKMARK [2][-]{section*.26}{\376\377\000T\000h\000e\000\040\000H\000a\000l\000t\000i\000n\000g\000\040\000P\000r\000o\000b\000l\000e\000m}{section.7}% 33
\BOOKMARK [1][-]{section.8}{\376\377\000U\000n\000d\000e\000c\000i\000d\000a\000b\000i\000l\000i\000t\000y}{}% 34
\BOOKMARK [2][-]{section*.27}{\376\377\000R\000e\000d\000u\000c\000t\000i\000o\000n\000s}{section.8}% 35
\BOOKMARK [3][-]{section*.28}{\376\377\000M\000a\000p\000p\000i\000n\000g\000\040\000R\000e\000d\000u\000c\000t\000i\000o\000n\000s}{section*.27}% 36
\BOOKMARK [3][-]{section*.29}{\376\377\000T\000u\000r\000i\000n\000g\000\040\000R\000e\000d\000u\000c\000t\000i\000o\000n\000s}{section*.27}% 37
\BOOKMARK [2][-]{section*.30}{\376\377\000R\000i\000c\000e\000'\000s\000\040\000T\000h\000e\000o\000r\000e\000m}{section.8}% 38
\BOOKMARK [1][-]{section.9}{\376\377\000C\000o\000m\000p\000u\000t\000a\000b\000i\000l\000i\000t\000y}{}% 39
\BOOKMARK [2][-]{section*.31}{\376\377\000C\000o\000m\000p\000u\000t\000a\000b\000l\000y\000\040\000E\000n\000u\000m\000e\000r\000a\000b\000l\000e}{section.9}% 40
\BOOKMARK [2][-]{section*.32}{\376\377\000C\000o\000m\000p\000l\000e\000x\000i\000t\000y\000\040\000M\000e\000a\000s\000u\000r\000e\000s}{section.9}% 41
\BOOKMARK [2][-]{section*.33}{\376\377\000C\000o\000m\000p\000l\000e\000x\000i\000t\000y\000\040\000C\000l\000a\000s\000s\000e\000s}{section.9}% 42
\BOOKMARK [3][-]{section*.34}{\376\377\000P\000:\000\040\000P\000o\000l\000y\000n\000o\000m\000i\000a\000l\000\040\000T\000i\000m\000e}{section*.33}% 43
\BOOKMARK [3][-]{section*.35}{\376\377\000N\000P\000:\000\040\000N\000o\000n\000d\000e\000t\000e\000r\000m\000i\000n\000i\000s\000t\000i\000c\000-\000p\000o\000l\000y\000n\000o\000m\000i\000a\000l\000\040\000T\000i\000m\000e}{section*.33}% 44
\BOOKMARK [3][-]{section*.36}{\376\377\000C\000o\000N\000P}{section*.33}% 45
\BOOKMARK [3][-]{section*.37}{\376\377\000A\000P\000:\000\040\000A\000l\000t\000e\000r\000n\000a\000t\000i\000n\000g\000\040\000P\000o\000l\000y\000n\000o\000m\000i\000a\000l\000\040\000T\000i\000m\000e}{section*.33}% 46
\BOOKMARK [3][-]{section*.38}{\376\377\000P\000S\000P\000A\000C\000E\000:\000\040\000P\000o\000l\000y\000n\000o\000m\000i\000a\000l\000\040\000S\000p\000a\000c\000e}{section*.33}% 47
\BOOKMARK [2][-]{section*.39}{\376\377\000P\000o\000l\000y\000n\000o\000m\000i\000a\000l\000\040\000R\000e\000d\000u\000c\000t\000i\000o\000n\000s}{section.9}% 48
\BOOKMARK [3][-]{section*.40}{\376\377\000N\000P\000-\000H\000a\000r\000d}{section*.39}% 49
\BOOKMARK [3][-]{section*.41}{\376\377\000N\000P\000-\000C\000o\000m\000p\000l\000e\000t\000e}{section*.39}% 50
\BOOKMARK [2][-]{section*.42}{\376\377\000T\000h\000e\000\040\000C\000o\000o\000k\000-\000L\000e\000v\000i\000n\000\040\000T\000h\000e\000o\000r\000e\000m}{section.9}% 51
\BOOKMARK [1][-]{section.10}{\376\377\000T\000h\000e\000\040\000P\000o\000l\000y\000n\000o\000m\000i\000a\000l\000\040\000H\000e\000i\000r\000a\000r\000c\000h\000y}{}% 52
\BOOKMARK [2][-]{section*.43}{\376\377\000s}{section.10}% 53
\BOOKMARK [2][-]{section*.44}{\376\377\000s}{section.10}% 54
\BOOKMARK [2][-]{section*.45}{\376\377\000s}{section.10}% 55
\BOOKMARK [2][-]{section*.46}{\376\377\000M\000o\000v\000i\000n\000g\000\040\000H\000i\000g\000h\000e\000r}{section.10}% 56
\BOOKMARK [3][-]{section*.47}{\376\377\000A\000l\000t\000e\000r\000n\000a\000t\000i\000o\000n}{section*.46}% 57
\BOOKMARK [1][-]{section.11}{\376\377\000-\000C\000a\000l\000c\000u\000l\000u\000s}{}% 58
\BOOKMARK [2][-]{section*.48}{\376\377\000S\000y\000n\000t\000a\000x}{section.11}% 59
\BOOKMARK [2][-]{section*.49}{\376\377\000-\000e\000q\000u\000i\000v\000a\000l\000e\000n\000c\000e}{section.11}% 60
\BOOKMARK [2][-]{section*.50}{\376\377\000S\000u\000b\000s\000t\000i\000t\000u\000t\000i\000o\000n}{section.11}% 61
\BOOKMARK [3][-]{section*.51}{\376\377\000V\000a\000r\000i\000a\000b\000l\000e\000\040\000C\000a\000p\000t\000u\000r\000e}{section*.50}% 62
\BOOKMARK [2][-]{section*.52}{\376\377\000-\000r\000e\000d\000u\000c\000t\000i\000o\000n}{section.11}% 63
\BOOKMARK [3][-]{section*.53}{\376\377\000C\000o\000n\000f\000l\000u\000e\000n\000c\000e}{section*.52}% 64
\BOOKMARK [3][-]{section*.54}{\376\377\000E\000q\000u\000i\000v\000a\000l\000e\000n\000c\000e}{section*.52}% 65
\BOOKMARK [2][-]{section*.55}{\376\377\000N\000o\000r\000m\000a\000l\000\040\000F\000o\000r\000m\000s}{section.11}% 66
\BOOKMARK [2][-]{section*.56}{\376\377\000C\000h\000u\000r\000c\000h\000\040\000E\000n\000c\000o\000d\000i\000n\000g\000s}{section.11}% 67
\BOOKMARK [3][-]{section*.57}{\376\377\000B\000o\000o\000l\000e\000a\000n\000s}{section*.56}% 68
\BOOKMARK [3][-]{section*.58}{\376\377\000C\000h\000u\000r\000c\000h\000\040\000N\000u\000m\000e\000r\000a\000l\000s}{section*.56}% 69
\BOOKMARK [2][-]{section*.59}{\376\377\000T\000h\000e\000\040\000Y\000\040\000C\000o\000m\000b\000i\000n\000a\000t\000o\000r}{section.11}% 70
\BOOKMARK [2][-]{section*.60}{\376\377\000S\000i\000m\000p\000l\000y\000\040\000T\000y\000p\000e\000d\000\040\000-\000C\000a\000l\000c\000u\000l\000u\000s}{section.11}% 71
\BOOKMARK [3][-]{section*.61}{\376\377\000H\000i\000g\000h\000e\000r\000-\000O\000r\000d\000e\000r\000\040\000L\000o\000g\000i\000c}{section*.60}% 72
\BOOKMARK [3][-]{section*.62}{\376\377\000T\000y\000p\000e\000s}{section*.60}% 73
\BOOKMARK [3][-]{section*.63}{\376\377\000N\000a\000t\000u\000r\000a\000l\000\040\000D\000e\000d\000u\000c\000t\000i\000o\000n}{section*.60}% 74
\BOOKMARK [3][-]{section*.64}{\376\377\000T\000h\000e\000\040\000R\000e\000s\000u\000l\000t\000s\000\040\000o\000f\000\040\000S\000i\000m\000p\000l\000y\000\040\000T\000y\000p\000e\000d\000\040\000-\000c\000a\000l\000c\000u\000l\000u\000s}{section*.60}% 75
\BOOKMARK [1][-]{section.12}{\376\377\000D\000e\000f\000i\000n\000i\000t\000i\000o\000n\000s}{}% 76
\BOOKMARK [2][-]{section*.65}{\376\377\000A\000m\000b\000i\000g\000u\000i\000t\000y}{section.12}% 77
\BOOKMARK [2][-]{section*.66}{\376\377\000B\000i\000j\000e\000c\000t\000i\000v\000i\000t\000y}{section.12}% 78
\BOOKMARK [2][-]{section*.67}{\376\377\000B\000i\000n\000a\000r\000y\000\040\000R\000e\000l\000a\000t\000i\000o\000n\000s}{section.12}% 79
\BOOKMARK [2][-]{section*.68}{\376\377\000C\000l\000o\000s\000u\000r\000e}{section.12}% 80
\BOOKMARK [3][-]{section*.69}{\376\377\000A\000n\000g\000e\000l\000i\000c\000\040\000a\000n\000d\000\040\000D\000e\000m\000o\000n\000i\000c\000\040\000N\000o\000n\000-\000d\000e\000t\000e\000r\000m\000i\000n\000i\000s\000m}{section*.68}% 81
\BOOKMARK [2][-]{section*.70}{\376\377\000C\000o\000n\000j\000u\000n\000c\000t\000i\000v\000e\000\040\000N\000o\000r\000m\000a\000l\000\040\000F\000o\000r\000m}{section.12}% 82
\BOOKMARK [2][-]{section*.71}{\376\377\000C\000o\000m\000p\000u\000t\000a\000b\000l\000e\000\040\000F\000u\000n\000c\000t\000i\000o\000n\000s}{section.12}% 83
\BOOKMARK [2][-]{section*.72}{\376\377\000D\000e\000c\000i\000d\000a\000b\000i\000l\000i\000t\000y}{section.12}% 84
\BOOKMARK [3][-]{section*.73}{\376\377\000S\000e\000m\000i\000-\000d\000e\000c\000i\000d\000a\000b\000i\000l\000i\000t\000y}{section*.72}% 85
\BOOKMARK [3][-]{section*.74}{\376\377\000C\000o\000-\000s\000e\000m\000i\000-\000d\000e\000c\000i\000d\000a\000b\000i\000l\000i\000t\000y}{section*.72}% 86
\BOOKMARK [2][-]{section*.75}{\376\377\000D\000e\000c\000i\000s\000i\000o\000n\000\040\000P\000r\000o\000b\000l\000e\000m\000s}{section.12}% 87
\BOOKMARK [2][-]{section*.76}{\376\377\000D\000e\000t\000e\000r\000m\000i\000n\000i\000s\000m\000\040\000a\000n\000d\000\040\000N\000o\000n\000-\000d\000e\000t\000e\000r\000m\000i\000n\000i\000s\000m}{section.12}% 88
\BOOKMARK [2][-]{section*.77}{\376\377\000E\000n\000u\000m\000e\000r\000a\000b\000l\000e}{section.12}% 89
\BOOKMARK [2][-]{section*.78}{\376\377\000E\000q\000u\000i\000v\000a\000l\000e\000n\000c\000e\000\040\000C\000l\000a\000s\000s\000e\000s}{section.12}% 90
\BOOKMARK [2][-]{section*.79}{\376\377\000E\000q\000u\000i\000v\000a\000l\000e\000n\000c\000e\000\040\000R\000e\000l\000a\000t\000i\000o\000n\000s}{section.12}% 91
\BOOKMARK [2][-]{section*.80}{\376\377\000I\000n\000j\000e\000c\000t\000i\000v\000i\000t\000y}{section.12}% 92
\BOOKMARK [2][-]{section*.81}{\376\377\000I\000n\000t\000e\000r\000l\000e\000a\000v\000i\000n\000g}{section.12}% 93
\BOOKMARK [2][-]{section*.82}{\376\377\000K\000l\000e\000e\000n\000e\000\040\000S\000t\000a\000r}{section.12}% 94
\BOOKMARK [2][-]{section*.83}{\376\377\000M\000a\000c\000h\000i\000n\000e\000\040\000P\000r\000o\000p\000e\000r\000t\000i\000e\000s}{section.12}% 95
\BOOKMARK [3][-]{section*.84}{\376\377\000N\000o\000n\000t\000r\000i\000v\000i\000a\000l\000\040\000P\000r\000o\000p\000e\000r\000t\000i\000e\000s}{section*.83}% 96
\BOOKMARK [3][-]{section*.85}{\376\377\000S\000e\000m\000a\000n\000t\000i\000c\000\040\000P\000r\000o\000p\000e\000r\000t\000i\000e\000s}{section*.83}% 97
\BOOKMARK [2][-]{section*.86}{\376\377\000N\000o\000n\000d\000e\000t\000e\000r\000m\000i\000n\000i\000s\000m\000\040\000i\000n\000\040\000R\000M\000\040\000a\000n\000d\000\040\000T\000M}{section.12}% 98
\BOOKMARK [2][-]{section*.87}{\376\377\000O\000r\000a\000c\000l\000e\000s}{section.12}% 99
\BOOKMARK [2][-]{section*.88}{\376\377\000P\000a\000i\000r\000i\000n\000g\000\040\000F\000u\000n\000c\000t\000i\000o\000n\000s}{section.12}% 100
\BOOKMARK [2][-]{section*.89}{\376\377\000P\000a\000r\000s\000e\000\040\000T\000r\000e\000e\000s}{section.12}% 101
\BOOKMARK [2][-]{section*.90}{\376\377\000P\000i\000g\000e\000o\000n\000h\000o\000l\000e\000\040\000P\000r\000i\000n\000c\000i\000p\000l\000e}{section.12}% 102
\BOOKMARK [2][-]{section*.91}{\376\377\000P\000o\000w\000e\000r\000\040\000S\000e\000t}{section.12}% 103
\BOOKMARK [2][-]{section*.92}{\376\377\000R\000e\000f\000l\000e\000x\000i\000v\000i\000t\000y}{section.12}% 104
\BOOKMARK [2][-]{section*.93}{\376\377\000S\000a\000t\000i\000s\000f\000i\000a\000b\000i\000l\000i\000t\000y}{section.12}% 105
\BOOKMARK [3][-]{section*.94}{\376\377\000S\000A\000T}{section*.93}% 106
\BOOKMARK [3][-]{section*.95}{\376\377\0003\000S\000A\000T}{section*.93}% 107
\BOOKMARK [2][-]{section*.96}{\376\377\000S\000e\000q\000u\000e\000n\000t\000i\000a\000l\000\040\000C\000o\000m\000p\000o\000s\000i\000t\000i\000o\000n}{section.12}% 108
\BOOKMARK [2][-]{section*.97}{\376\377\000S\000u\000r\000j\000e\000c\000t\000i\000v\000i\000t\000y}{section.12}% 109
\BOOKMARK [2][-]{section*.98}{\376\377\000S\000y\000m\000m\000e\000t\000r\000y}{section.12}% 110
\BOOKMARK [2][-]{section*.99}{\376\377\000T\000i\000m\000e\000\040\000C\000o\000m\000p\000l\000e\000x\000i\000t\000y}{section.12}% 111
\BOOKMARK [3][-]{section*.100}{\376\377\000B\000i\000g\000\040\000O}{section*.99}% 112
\BOOKMARK [3][-]{section*.101}{\376\377\000B\000i\000g\000\040}{section*.99}% 113
\BOOKMARK [2][-]{section*.102}{\376\377\000T\000o\000t\000a\000l\000\040\000a\000n\000d\000\040\000P\000a\000r\000t\000i\000a\000l\000\040\000F\000u\000n\000c\000t\000i\000o\000n\000s}{section.12}% 114
\BOOKMARK [2][-]{section*.103}{\376\377\000T\000r\000a\000n\000s\000i\000t\000i\000v\000i\000t\000y}{section.12}% 115
\BOOKMARK [2][-]{section*.104}{\376\377\000T\000u\000r\000i\000n\000g\000\040\000M\000a\000c\000h\000i\000n\000e\000s}{section.12}% 116
\BOOKMARK [2][-]{section*.105}{\376\377\000T\000u\000r\000i\000n\000g\000\040\000T\000r\000a\000n\000s\000d\000u\000c\000e\000r\000s}{section.12}% 117
\BOOKMARK [2][-]{section*.106}{\376\377\000U\000n\000d\000e\000c\000i\000d\000a\000b\000l\000e\000\040\000P\000r\000o\000b\000l\000e\000m\000s}{section.12}% 118
\BOOKMARK [3][-]{section*.107}{\376\377\000A}{section*.106}% 119
\BOOKMARK [3][-]{section*.108}{\376\377\000N\000o\000t\000E\000m\000p\000t\000y}{section*.106}% 120
\BOOKMARK [3][-]{section*.109}{\376\377\000U\000n\000i\000f\000o\000r\000m\000\040\000H\000a\000l\000t\000i\000n\000g\000:\000\040\000U\000H}{section*.106}% 121
\BOOKMARK [3][-]{section*.110}{\376\377\000T\000h\000e\000\040\000L\000o\000o\000p\000i\000n\000g\000\040\000P\000r\000o\000b\000l\000e\000m\000:\000\040\000L}{section*.106}% 122
